nohup: ignoring input

Warning: This is a simple server for use in testing or debugging Angular applications
locally. It hasn't been reviewed for security issues.

Binding this server to an open connection can result in compromising your application or
computer. Using a different host than the one passed to the "--host" flag might result in
websocket connection issues.
    
❯ Building...
✔ Building...
Initial chunk files | Names         |  Raw size
styles.css          | styles        | 277.06 kB | 
main.js             | main          | 115.40 kB | 
scripts.js          | scripts       | 107.61 kB | 
polyfills.js        | polyfills     |  95 bytes | 

                    | Initial total | 500.17 kB

Application bundle generation complete. [9.128 seconds]

Watch mode enabled. Watching for file changes...
NOTE: Raw file sizes do not reflect development server per-request transformations.
  ➜  Local:   http://localhost:4200/
  ➜  Network: http://137.184.206.51:4200/
  ➜  Network: http://10.10.0.5:4200/
  ➜  Network: http://10.116.0.11:4200/
❯ Changes detected. Rebuilding...
✔ Changes detected. Rebuilding...
Initial chunk files | Names |  Raw size
main.js             | main  | 115.44 kB | 

Application bundle generation complete. [1.773 seconds]

Page reload sent to client(s).
❯ Changes detected. Rebuilding...
✔ Changes detected. Rebuilding...
Initial chunk files | Names |  Raw size
main.js             | main  | 115.48 kB | 

Application bundle generation complete. [1.026 seconds]

Page reload sent to client(s).
❯ Changes detected. Rebuilding...
✔ Changes detected. Rebuilding...
Initial chunk files | Names |  Raw size
main.js             | main  | 115.48 kB | 

Application bundle generation complete. [0.206 seconds]

Page reload sent to client(s).
